# JRE version: Java(TM) SE Runtime Environment (8.0_191-b12) (build 1.8.0_191-b12)
# Java VM: Java HotSpot(TM) 64-Bit Server VM (25.191-b12 mixed mode windows-amd64 compressed oops)
Heap:
 PSYoungGen      total 348160K, used 23041K [0x00000000d5d00000, 0x00000000f2a80000, 0x0000000100000000)
  eden space 328192K, 1% used [0x00000000d5d00000,0x00000000d606bfb8,0x00000000e9d80000)
  from space 19968K, 97% used [0x00000000f1700000,0x00000000f2a145c0,0x00000000f2a80000)
  to   space 30208K, 0% used [0x00000000eef80000,0x00000000eef80000,0x00000000f0d00000)
 ParOldGen       total 123392K, used 54344K [0x0000000081600000, 0x0000000088e80000, 0x00000000d5d00000)
  object space 123392K, 44% used [0x0000000081600000,0x0000000084b12148,0x0000000088e80000)
 Metaspace       used 48807K, capacity 49770K, committed 50096K, reserved 1093632K
  class space    used 5998K, capacity 6259K, committed 6320K, reserved 1048576K
GC Heap History (10 events):
Event: 6.317 GC heap before
{Heap before GC invocations=10 (full 1):
 PSYoungGen      total 283136K, used 5457K [0x00000000d5d00000, 0x00000000e8800000, 0x0000000100000000)
  eden space 264704K, 2% used [0x00000000d5d00000,0x00000000d6254468,0x00000000e5f80000)
  from space 18432K, 0% used [0x00000000e7300000,0x00000000e7300000,0x00000000e8500000)
  to   space 19968K, 0% used [0x00000000e5f80000,0x00000000e5f80000,0x00000000e7300000)
 ParOldGen       total 87552K, used 34053K [0x0000000081600000, 0x0000000086b80000, 0x00000000d5d00000)
  object space 87552K, 38% used [0x0000000081600000,0x0000000083741580,0x0000000086b80000)
 Metaspace       used 20784K, capacity 21262K, committed 21552K, reserved 1069056K
  class space    used 2434K, capacity 2563K, committed 2608K, reserved 1048576K
Event: 6.319 GC heap after
Heap after GC invocations=10 (full 1):
 PSYoungGen      total 284672K, used 1020K [0x00000000d5d00000, 0x00000000e8900000, 0x0000000100000000)
  eden space 264704K, 0% used [0x00000000d5d00000,0x00000000d5d00000,0x00000000e5f80000)
  from space 19968K, 5% used [0x00000000e5f80000,0x00000000e607f318,0x00000000e7300000)
  to   space 20480K, 0% used [0x00000000e7500000,0x00000000e7500000,0x00000000e8900000)
 ParOldGen       total 87552K, used 34061K [0x0000000081600000, 0x0000000086b80000, 0x00000000d5d00000)
  object space 87552K, 38% used [0x0000000081600000,0x0000000083743580,0x0000000086b80000)
 Metaspace       used 20784K, capacity 21262K, committed 21552K, reserved 1069056K
  class space    used 2434K, capacity 2563K, committed 2608K, reserved 1048576K
}
Event: 6.319 GC heap before
{Heap before GC invocations=11 (full 2):
 PSYoungGen      total 284672K, used 1020K [0x00000000d5d00000, 0x00000000e8900000, 0x0000000100000000)
  eden space 264704K, 0% used [0x00000000d5d00000,0x00000000d5d00000,0x00000000e5f80000)
  from space 19968K, 5% used [0x00000000e5f80000,0x00000000e607f318,0x00000000e7300000)
  to   space 20480K, 0% used [0x00000000e7500000,0x00000000e7500000,0x00000000e8900000)
 ParOldGen       total 87552K, used 34061K [0x0000000081600000, 0x0000000086b80000, 0x00000000d5d00000)
  object space 87552K, 38% used [0x0000000081600000,0x0000000083743580,0x0000000086b80000)
 Metaspace       used 20784K, capacity 21262K, committed 21552K, reserved 1069056K
  class space    used 2434K, capacity 2563K, committed 2608K, reserved 1048576K
Event: 6.425 GC heap after
Heap after GC invocations=11 (full 2):
 PSYoungGen      total 284672K, used 0K [0x00000000d5d00000, 0x00000000e8900000, 0x0000000100000000)
  eden space 264704K, 0% used [0x00000000d5d00000,0x00000000d5d00000,0x00000000e5f80000)
  from space 19968K, 0% used [0x00000000e5f80000,0x00000000e5f80000,0x00000000e7300000)
  to   space 20480K, 0% used [0x00000000e7500000,0x00000000e7500000,0x00000000e8900000)
 ParOldGen       total 87552K, used 32639K [0x0000000081600000, 0x0000000086b80000, 0x00000000d5d00000)
  object space 87552K, 37% used [0x0000000081600000,0x00000000835dfed8,0x0000000086b80000)
 Metaspace       used 20784K, capacity 21262K, committed 21552K, reserved 1069056K
  class space    used 2434K, capacity 2563K, committed 2608K, reserved 1048576K
}
Event: 11.039 GC heap before
{Heap before GC invocations=12 (full 2):
 PSYoungGen      total 284672K, used 264704K [0x00000000d5d00000, 0x00000000e8900000, 0x0000000100000000)
  eden space 264704K, 100% used [0x00000000d5d00000,0x00000000e5f80000,0x00000000e5f80000)
  from space 19968K, 0% used [0x00000000e5f80000,0x00000000e5f80000,0x00000000e7300000)
  to   space 20480K, 0% used [0x00000000e7500000,0x00000000e7500000,0x00000000e8900000)
 ParOldGen       total 87552K, used 32639K [0x0000000081600000, 0x0000000086b80000, 0x00000000d5d00000)
  object space 87552K, 37% used [0x0000000081600000,0x00000000835dfed8,0x0000000086b80000)
 Metaspace       used 34723K, capacity 35546K, committed 35760K, reserved 1081344K
  class space    used 4258K, capacity 4499K, committed 4528K, reserved 1048576K
Event: 11.073 GC heap after
Heap after GC invocations=12 (full 2):
 PSYoungGen      total 285184K, used 20469K [0x00000000d5d00000, 0x00000000e8900000, 0x0000000100000000)
  eden space 264704K, 0% used [0x00000000d5d00000,0x00000000d5d00000,0x00000000e5f80000)
  from space 20480K, 99% used [0x00000000e7500000,0x00000000e88fd580,0x00000000e8900000)
  to   space 19968K, 0% used [0x00000000e5f80000,0x00000000e5f80000,0x00000000e7300000)
 ParOldGen       total 87552K, used 46589K [0x0000000081600000, 0x0000000086b80000, 0x00000000d5d00000)
  object space 87552K, 53% used [0x0000000081600000,0x000000008437f6c0,0x0000000086b80000)
 Metaspace       used 34723K, capacity 35546K, committed 35760K, reserved 1081344K
  class space    used 4258K, capacity 4499K, committed 4528K, reserved 1048576K
}
Event: 11.158 GC heap before
{Heap before GC invocations=13 (full 2):
 PSYoungGen      total 285184K, used 39726K [0x00000000d5d00000, 0x00000000e8900000, 0x0000000100000000)
  eden space 264704K, 7% used [0x00000000d5d00000,0x00000000d6fce2e0,0x00000000e5f80000)
  from space 20480K, 99% used [0x00000000e7500000,0x00000000e88fd580,0x00000000e8900000)
  to   space 19968K, 0% used [0x00000000e5f80000,0x00000000e5f80000,0x00000000e7300000)
 ParOldGen       total 87552K, used 46589K [0x0000000081600000, 0x0000000086b80000, 0x00000000d5d00000)
  object space 87552K, 53% used [0x0000000081600000,0x000000008437f6c0,0x0000000086b80000)
 Metaspace       used 34978K, capacity 35744K, committed 35920K, reserved 1081344K
  class space    used 4291K, capacity 4500K, committed 4528K, reserved 1048576K
Event: 11.177 GC heap after
Heap after GC invocations=13 (full 2):
 PSYoungGen      total 284672K, used 2248K [0x00000000d5d00000, 0x00000000f3300000, 0x0000000100000000)
  eden space 264704K, 0% used [0x00000000d5d00000,0x00000000d5d00000,0x00000000e5f80000)
  from space 19968K, 11% used [0x00000000e5f80000,0x00000000e61b2020,0x00000000e7300000)
  to   space 28672K, 0% used [0x00000000f1700000,0x00000000f1700000,0x00000000f3300000)
 ParOldGen       total 87552K, used 65098K [0x0000000081600000, 0x0000000086b80000, 0x00000000d5d00000)
  object space 87552K, 74% used [0x0000000081600000,0x0000000085592828,0x0000000086b80000)
 Metaspace       used 34978K, capacity 35744K, committed 35920K, reserved 1081344K
  class space    used 4291K, capacity 4500K, committed 4528K, reserved 1048576K
}
Event: 11.177 GC heap before
{Heap before GC invocations=14 (full 3):
 PSYoungGen      total 284672K, used 2248K [0x00000000d5d00000, 0x00000000f3300000, 0x0000000100000000)
  eden space 264704K, 0% used [0x00000000d5d00000,0x00000000d5d00000,0x00000000e5f80000)
  from space 19968K, 11% used [0x00000000e5f80000,0x00000000e61b2020,0x00000000e7300000)
  to   space 28672K, 0% used [0x00000000f1700000,0x00000000f1700000,0x00000000f3300000)
 ParOldGen       total 87552K, used 65098K [0x0000000081600000, 0x0000000086b80000, 0x00000000d5d00000)
  object space 87552K, 74% used [0x0000000081600000,0x0000000085592828,0x0000000086b80000)
 Metaspace       used 34978K, capacity 35744K, committed 35920K, reserved 1081344K
  class space    used 4291K, capacity 4500K, committed 4528K, reserved 1048576K
Event: 11.519 GC heap after
Heap after GC invocations=14 (full 3):
 PSYoungGen      total 284672K, used 0K [0x00000000d5d00000, 0x00000000f3300000, 0x0000000100000000)
  eden space 264704K, 0% used [0x00000000d5d00000,0x00000000d5d00000,0x00000000e5f80000)
  from space 19968K, 0% used [0x00000000e5f80000,0x00000000e5f80000,0x00000000e7300000)
  to   space 28672K, 0% used [0x00000000f1700000,0x00000000f1700000,0x00000000f3300000)
 ParOldGen       total 123392K, used 54336K [0x0000000081600000, 0x0000000088e80000, 0x00000000d5d00000)
  object space 123392K, 44% used [0x0000000081600000,0x0000000084b10148,0x0000000088e80000)
 Metaspace       used 34978K, capacity 35744K, committed 35920K, reserved 1081344K
  class space    used 4291K, capacity 4500K, committed 4528K, reserved 1048576K
}

